[0.016s] Invoking command in '/home/saeedbazargan/Desktop/My-ROS2_Projects/My-ROS2-Humble/Tutorial_MobileRobot/mobilebot_ws/build/mobilebot_interfaces': CMAKE_PREFIX_PATH=/opt/ros/humble /usr/bin/cmake --build /home/saeedbazargan/Desktop/My-ROS2_Projects/My-ROS2-Humble/Tutorial_MobileRobot/mobilebot_ws/build/mobilebot_interfaces -- -j4 -l4
[0.046s] -- Found ament_cmake: 1.3.12 (/opt/ros/humble/share/ament_cmake/cmake)
[0.226s] -- Found rosidl_default_generators: 1.2.0 (/opt/ros/humble/share/rosidl_default_generators/cmake)
[0.229s] -- Using all available rosidl_typesupport_c: rosidl_typesupport_fastrtps_c;rosidl_typesupport_introspection_c
[0.232s] -- Found rosidl_adapter: 3.1.7 (/opt/ros/humble/share/rosidl_adapter/cmake)
[0.269s] -- Using all available rosidl_typesupport_cpp: rosidl_typesupport_fastrtps_cpp;rosidl_typesupport_introspection_cpp
[0.495s] [31mCMake Error at /opt/ros/humble/share/rosidl_adapter/cmake/rosidl_adapt_interfaces.cmake:59 (message):
[0.495s]   execute_process(/usr/bin/python3 -m rosidl_adapter --package-name
[0.495s]   mobilebot_interfaces --arguments-file
[0.496s]   /home/saeedbazargan/Desktop/My-ROS2_Projects/My-ROS2-Humble/Tutorial_MobileRobot/mobilebot_ws/build/mobilebot_interfaces/rosidl_adapter__arguments__mobilebot_interfaces.json
[0.496s]   --output-dir
[0.496s]   /home/saeedbazargan/Desktop/My-ROS2_Projects/My-ROS2-Humble/Tutorial_MobileRobot/mobilebot_ws/build/mobilebot_interfaces/rosidl_adapter/mobilebot_interfaces
[0.496s]   --output-file
[0.496s]   /home/saeedbazargan/Desktop/My-ROS2_Projects/My-ROS2-Humble/Tutorial_MobileRobot/mobilebot_ws/build/mobilebot_interfaces/rosidl_adapter/mobilebot_interfaces.idls)
[0.496s]   returned error code 1:
[0.496s] 
[0.497s]   Traceback (most recent call last):
[0.497s] 
[0.497s]     File "/usr/lib/python3.10/runpy.py", line 196, in _run_module_as_main
[0.497s]       return _run_code(code, main_globals, None,
[0.497s]     File "/usr/lib/python3.10/runpy.py", line 86, in _run_code
[0.497s]       exec(code, run_globals)
[0.497s]     File "/opt/ros/humble/local/lib/python3.10/dist-packages/rosidl_adapter/__main__.py", line 19, in <module>
[0.497s]       sys.exit(main())
[0.498s]     File "/opt/ros/humble/local/lib/python3.10/dist-packages/rosidl_adapter/main.py", line 53, in main
[0.498s]       abs_idl_file = convert_to_idl(
[0.498s]     File "/opt/ros/humble/local/lib/python3.10/dist-packages/rosidl_adapter/__init__.py", line 29, in convert_to_idl
[0.498s]       return convert_action_to_idl(
[0.498s]     File "/opt/ros/humble/local/lib/python3.10/dist-packages/rosidl_adapter/action/__init__.py", line 28, in convert_action_to_idl
[0.498s]       action = parse_action_string(package_name, input_file.stem, content)
[0.498s]     File "/opt/ros/humble/local/lib/python3.10/dist-packages/rosidl_adapter/parser.py", line 902, in parse_action_string
[0.498s]       goal_message = parse_message_string(
[0.498s]     File "/opt/ros/humble/local/lib/python3.10/dist-packages/rosidl_adapter/parser.py", line 544, in parse_message_string
[0.499s]       msg = MessageSpecification(pkg_name, msg_name, fields, constants)
[0.499s]     File "/opt/ros/humble/local/lib/python3.10/dist-packages/rosidl_adapter/parser.py", line 388, in __init__
[0.499s]       self.base_type = BaseType(
[0.499s]     File "/opt/ros/humble/local/lib/python3.10/dist-packages/rosidl_adapter/parser.py", line 205, in __init__
[0.499s]       raise InvalidResourceName(
[0.499s] 
[0.499s]   rosidl_adapter.parser.InvalidResourceName: 'Robot_move_Goal' is an invalid
[0.499s]   message name.  It should have the pattern '^[A-Z][A-Za-z0-9]*$'
[0.499s] 
[0.500s] Call Stack (most recent call first):
[0.500s]   /opt/ros/humble/share/rosidl_cmake/cmake/rosidl_generate_interfaces.cmake:130 (rosidl_adapt_interfaces)
[0.500s]   CMakeLists.txt:12 (rosidl_generate_interfaces)
[0.500s] 
[0.500s] [0m
[0.500s] -- Configuring incomplete, errors occurred!
[0.500s] See also "/home/saeedbazargan/Desktop/My-ROS2_Projects/My-ROS2-Humble/Tutorial_MobileRobot/mobilebot_ws/build/mobilebot_interfaces/CMakeFiles/CMakeOutput.log".
[0.503s] gmake: *** [Makefile:747: cmake_check_build_system] Error 1
[0.506s] Invoked command in '/home/saeedbazargan/Desktop/My-ROS2_Projects/My-ROS2-Humble/Tutorial_MobileRobot/mobilebot_ws/build/mobilebot_interfaces' returned '2': CMAKE_PREFIX_PATH=/opt/ros/humble /usr/bin/cmake --build /home/saeedbazargan/Desktop/My-ROS2_Projects/My-ROS2-Humble/Tutorial_MobileRobot/mobilebot_ws/build/mobilebot_interfaces -- -j4 -l4
